V |                      | ArgumentsFromParametersFile.OnBuildCreated (150)
V |                      | HandleReSharperSurrogateArguments.OnBuildCreated (150)
V |                      | InjectParameterValues.OnBuildCreated (100)
V |                      | HandleShellCompletion.OnBuildCreated (75)
V |                      | GenerateBuildServerConfigurations.OnBuildCreated (50)
V |                      | InvokeBuildServerConfigurationGeneration.OnBuildCreated (45)
V |                      | UpdateNotification.OnBuildCreated (10)
V |                      | UnsetVisualStudioEnvironmentVariables.OnBuildCreated (0)
V |                      | HandleVisualStudioDebugging.OnBuildCreated (0)
V |                      | EventInvoker.OnBuildCreated (-3.4028235E+38)
V |                      | HandlePlanRequests.OnBuildInitialized (10)
V |                      | HandleHelpRequests.OnBuildInitialized (5)
V |                      | Telemetry.OnBuildInitialized (0)
V |                      | Sending BuildStarted telemetry event ...
V |                      |   build_components         = 
V |                      |   build_type               = Project
V |                      |   compile_time             = 4
V |                      |   config_generators        = 
V |                      |   host                     = Terminal
V |                      |   num_custom_components    = 0
V |                      |   num_custom_extensions    = 0
V |                      |   num_partitioned_targets  = 0
V |                      |   num_secrets              = 0
V |                      |   num_targets              = 5
V |                      |   os_architecture          = X64
V |                      |   os_platform              = Windows
V |                      |   repo_branch              = <null>
V |                      |   repo_commit              = edc411
V |                      |   repo_provider            = GitHub
V |                      |   repo_url                 = 051460
V |                      |   target_framework         = .NETCoreApp,Version=v8.0
V |                      |   version_dotnet_sdk       = 8.0.403
V |                      |   version_nuke_common      = 9.0.4
V |                      |   version_nuke_global_tool = 9.0.4
V |                      | InjectNonParameterValues.OnBuildInitialized (-100)
V |                      | EventInvoker.OnBuildInitialized (-3.4028235E+38)
V | Restore              | EventInvoker.OnTargetRunning (-3.4028235E+38)
I | Restore              | > "C:\Program Files\dotnet\dotnet.exe" restore D:\test\project\educify-backend\MonoRepo.sln
V | Restore              | @ D:\test\project\educify-backend
D | Restore              |   Determining projects to restore...
D | Restore              |   All projects are up-to-date for restore.
V | Restore              | Telemetry.OnTargetSucceeded (0)
V | Restore              | Sending TargetSucceeded telemetry event ...
V | Restore              |   build_components         = 
V | Restore              |   build_type               = Project
V | Restore              |   compile_time             = 6
V | Restore              |   config_generators        = 
V | Restore              |   host                     = Terminal
V | Restore              |   num_custom_components    = 0
V | Restore              |   num_custom_extensions    = 0
V | Restore              |   num_partitioned_targets  = 0
V | Restore              |   num_secrets              = 0
V | Restore              |   num_targets              = 5
V | Restore              |   os_architecture          = X64
V | Restore              |   os_platform              = Windows
V | Restore              |   repo_branch              = <null>
V | Restore              |   repo_commit              = edc411
V | Restore              |   repo_provider            = GitHub
V | Restore              |   repo_url                 = 051460
V | Restore              |   target_current_partition = 1
V | Restore              |   target_duration          = 1
V | Restore              |   target_framework         = .NETCoreApp,Version=v8.0
V | Restore              |   target_name              = Restore
V | Restore              |   target_total_partitions  = 1
V | Restore              |   version_dotnet_sdk       = 8.0.403
V | Restore              |   version_nuke_common      = 9.0.4
V | Restore              |   version_nuke_global_tool = 9.0.4
V | Restore              | EventInvoker.OnTargetSucceeded (-3.4028235E+38)
V | BuildShared          | EventInvoker.OnTargetRunning (-3.4028235E+38)
I | BuildShared          | > "C:\Program Files\dotnet\dotnet.exe" build D:\test\project\educify-backend\shared\Database\Database.csproj --configuration Debug --no-restore
V | BuildShared          | @ D:\test\project\educify-backend
D | BuildShared          |   Database -> D:\test\project\educify-backend\shared\Database\bin\Debug\net8.0\Database.dll
D | BuildShared          | 
D | BuildShared          | Build succeeded.
D | BuildShared          |     0 Warning(s)
D | BuildShared          |     0 Error(s)
D | BuildShared          | 
D | BuildShared          | Time Elapsed 00:00:00.63
D | BuildShared          | 
D | BuildShared          | Workload updates are available. Run `dotnet workload list` for more information.
I | BuildShared          | > "C:\Program Files\dotnet\dotnet.exe" build D:\test\project\educify-backend\shared\Utils\Utils.csproj --configuration Debug --no-restore
V | BuildShared          | @ D:\test\project\educify-backend
D | BuildShared          |   Utils -> D:\test\project\educify-backend\shared\Utils\bin\Debug\net8.0\Utils.dll
D | BuildShared          | 
D | BuildShared          | Build succeeded.
D | BuildShared          |     0 Warning(s)
D | BuildShared          |     0 Error(s)
D | BuildShared          | 
D | BuildShared          | Time Elapsed 00:00:00.61
D | BuildShared          | 
D | BuildShared          | Workload updates are available. Run `dotnet workload list` for more information.
I | BuildShared          | > "C:\Program Files\dotnet\dotnet.exe" build D:\test\project\educify-backend\shared\Models\Models.csproj --configuration Debug --no-restore
V | BuildShared          | @ D:\test\project\educify-backend
D | BuildShared          |   Models -> D:\test\project\educify-backend\shared\Models\bin\Debug\net8.0\Models.dll
D | BuildShared          | 
D | BuildShared          | Build succeeded.
D | BuildShared          |     0 Warning(s)
D | BuildShared          |     0 Error(s)
D | BuildShared          | 
D | BuildShared          | Time Elapsed 00:00:00.62
D | BuildShared          | 
D | BuildShared          | Workload updates are available. Run `dotnet workload list` for more information.
I | BuildShared          | > "C:\Program Files\dotnet\dotnet.exe" build D:\test\project\educify-backend\shared\Services\Services.csproj --configuration Debug --no-restore
V | BuildShared          | @ D:\test\project\educify-backend
D | BuildShared          |   Services -> D:\test\project\educify-backend\shared\Services\bin\Debug\net8.0\Services.dll
D | BuildShared          | 
D | BuildShared          | Build succeeded.
D | BuildShared          |     0 Warning(s)
D | BuildShared          |     0 Error(s)
D | BuildShared          | 
D | BuildShared          | Time Elapsed 00:00:00.59
D | BuildShared          | 
D | BuildShared          | Workload updates are available. Run `dotnet workload list` for more information.
I | BuildShared          | > "C:\Program Files\dotnet\dotnet.exe" build D:\test\project\educify-backend\shared\Monitoring\Monitoring.csproj --configuration Debug --no-restore
V | BuildShared          | @ D:\test\project\educify-backend
D | BuildShared          |   Monitoring -> D:\test\project\educify-backend\shared\Monitoring\bin\Debug\net8.0\Monitoring.dll
D | BuildShared          | 
D | BuildShared          | Build succeeded.
D | BuildShared          |     0 Warning(s)
D | BuildShared          |     0 Error(s)
D | BuildShared          | 
D | BuildShared          | Time Elapsed 00:00:00.59
D | BuildShared          | 
D | BuildShared          | Workload updates are available. Run `dotnet workload list` for more information.
V | BuildShared          | Telemetry.OnTargetSucceeded (0)
V | BuildShared          | EventInvoker.OnTargetSucceeded (-3.4028235E+38)
V |                      | UpdateNotification.OnBuildFinished (10)
V |                      | SerializeBuildServerState.OnBuildFinished (0)
V |                      | EventInvoker.OnBuildFinished (-3.4028235E+38)
