12:19:13.333 | V |                      | ArgumentsFromParametersFile.OnBuildCreated (150)
12:19:13.366 | V |                      | HandleReSharperSurrogateArguments.OnBuildCreated (150)
12:19:13.367 | V |                      | InjectParameterValues.OnBuildCreated (100)
12:19:13.415 | V |                      | HandleShellCompletion.OnBuildCreated (75)
12:19:14.175 | V |                      | GenerateBuildServerConfigurations.OnBuildCreated (50)
12:19:14.176 | V |                      | InvokeBuildServerConfigurationGeneration.OnBuildCreated (45)
12:19:14.189 | V |                      | UpdateNotification.OnBuildCreated (10)
12:19:14.190 | V |                      | UnsetVisualStudioEnvironmentVariables.OnBuildCreated (0)
12:19:14.190 | V |                      | HandleVisualStudioDebugging.OnBuildCreated (0)
12:19:14.192 | V |                      | EventInvoker.OnBuildCreated (-3.4028235E+38)
12:19:14.211 | V |                      | HandlePlanRequests.OnBuildInitialized (10)
12:19:14.211 | V |                      | HandleHelpRequests.OnBuildInitialized (5)
12:19:14.211 | V |                      | Telemetry.OnBuildInitialized (0)
12:19:15.300 | V |                      | Sending BuildStarted telemetry event ...
12:19:15.303 | V |                      |   build_components         = 
12:19:15.303 | V |                      |   build_type               = Project
12:19:15.303 | V |                      |   compile_time             = 8
12:19:15.303 | V |                      |   config_generators        = 
12:19:15.303 | V |                      |   host                     = Terminal
12:19:15.303 | V |                      |   num_custom_components    = 0
12:19:15.303 | V |                      |   num_custom_extensions    = 0
12:19:15.303 | V |                      |   num_partitioned_targets  = 0
12:19:15.303 | V |                      |   num_secrets              = 0
12:19:15.303 | V |                      |   num_targets              = 10
12:19:15.303 | V |                      |   os_architecture          = X64
12:19:15.303 | V |                      |   os_platform              = Windows
12:19:15.303 | V |                      |   repo_branch              = <null>
12:19:15.303 | V |                      |   repo_commit              = 16ae62
12:19:15.303 | V |                      |   repo_provider            = GitHub
12:19:15.303 | V |                      |   repo_url                 = 051460
12:19:15.303 | V |                      |   target_framework         = .NETCoreApp,Version=v8.0
12:19:15.303 | V |                      |   version_dotnet_sdk       = 8.0.403
12:19:15.303 | V |                      |   version_nuke_common      = 9.0.4
12:19:15.303 | V |                      |   version_nuke_global_tool = 9.0.4
12:19:15.903 | V |                      | InjectNonParameterValues.OnBuildInitialized (-100)
12:19:15.932 | V |                      | EventInvoker.OnBuildInitialized (-3.4028235E+38)
12:19:15.947 | V | GenerateEnv          | EventInvoker.OnTargetRunning (-3.4028235E+38)
12:19:15.953 | I | GenerateEnv          | ✅ Copied: D:\Test\Project\educify-backend\services\AuthService\appsettings.json
12:19:15.963 | I | GenerateEnv          | ✅ Copied: D:\Test\Project\educify-backend\services\UserService\appsettings.json
12:19:15.965 | V | GenerateEnv          | Telemetry.OnTargetSucceeded (0)
12:19:15.965 | V | GenerateEnv          | EventInvoker.OnTargetSucceeded (-3.4028235E+38)
12:19:15.974 | V |                      | UpdateNotification.OnBuildFinished (10)
12:19:15.975 | V |                      | SerializeBuildServerState.OnBuildFinished (0)
12:19:15.975 | V |                      | EventInvoker.OnBuildFinished (-3.4028235E+38)
